TN:
SF:index.js
FN:12,(anonymous_0)
FN:18,(anonymous_1)
FN:46,(anonymous_2)
FN:72,initializeApp
FN:92,(anonymous_4)
FN:94,(anonymous_5)
FN:97,(anonymous_6)
FNF:7
FNH:2
FNDA:0,(anonymous_0)
FNDA:0,(anonymous_1)
FNDA:2,(anonymous_2)
FNDA:1,initializeApp
FNDA:0,(anonymous_4)
FNDA:0,(anonymous_5)
FNDA:0,(anonymous_6)
DA:2,1
DA:3,1
DA:4,1
DA:5,1
DA:6,1
DA:9,1
DA:13,0
DA:14,0
DA:15,0
DA:16,0
DA:17,0
DA:18,0
DA:26,0
DA:27,0
DA:43,1
DA:46,1
DA:47,2
DA:49,2
DA:50,1
DA:55,1
DA:56,1
DA:57,1
DA:58,1
DA:63,0
DA:64,0
DA:69,1
DA:73,1
DA:75,1
DA:78,1
DA:80,1
DA:82,0
DA:83,0
DA:88,1
DA:91,1
DA:92,0
DA:93,0
DA:94,0
DA:95,0
DA:98,0
DA:99,0
DA:103,1
LF:41
LH:23
BRDA:49,0,0,1
BRDA:49,0,1,1
BRDA:49,1,0,2
BRDA:49,1,1,2
BRDA:49,1,2,1
BRDA:91,2,0,0
BRDA:91,2,1,1
BRDA:93,3,0,0
BRDA:93,3,1,0
BRF:9
BRH:6
end_of_record
TN:
SF:config\config.js
FN:15,getDatabaseUrl
FN:20,initializeDatabase
FN:90,getConnection
FN:109,closeConnection
FNF:4
FNH:1
FNDA:0,getDatabaseUrl
FNDA:3,initializeDatabase
FNDA:0,getConnection
FNDA:0,closeConnection
DA:1,1
DA:2,1
DA:3,1
DA:6,1
DA:16,0
DA:22,3
DA:24,3
DA:31,3
DA:34,3
DA:35,3
DA:36,3
DA:39,3
DA:42,3
DA:53,3
DA:56,3
DA:63,3
DA:66,3
DA:69,3
DA:77,0
DA:78,0
DA:79,0
DA:80,0
DA:82,0
DA:85,0
DA:91,0
DA:92,0
DA:103,0
DA:104,0
DA:110,0
DA:111,0
DA:112,0
DA:113,0
DA:116,0
DA:120,1
LF:34
LH:18
BRDA:7,0,0,1
BRDA:7,0,1,0
BRDA:8,1,0,1
BRDA:8,1,1,0
BRDA:9,2,0,1
BRDA:9,2,1,0
BRDA:10,3,0,1
BRDA:10,3,1,0
BRDA:11,4,0,1
BRDA:11,4,1,0
BRDA:78,5,0,0
BRDA:78,5,1,0
BRDA:111,6,0,0
BRDA:111,6,1,0
BRF:14
BRH:5
end_of_record
TN:
SF:models\availability.js
FN:1,checkAvailability
FNF:1
FNH:1
FNDA:4,checkAvailability
DA:2,4
DA:3,4
DA:11,3
DA:13,1
DA:14,1
DA:18,2
LF:6
LH:6
BRF:0
BRH:0
end_of_record
