TN:
SF:config\db.js
FN:15,initializeDatabase
FN:83,closeDatabase
FNF:2
FNH:2
FNDA:2,initializeDatabase
FNDA:1,closeDatabase
DA:1,2
DA:2,2
DA:4,2
DA:17,2
DA:18,2
DA:24,2
DA:26,2
DA:27,2
DA:29,2
DA:31,2
DA:43,2
DA:45,2
DA:47,2
DA:48,2
DA:57,2
DA:60,2
DA:62,2
DA:63,2
DA:65,2
DA:66,2
DA:68,2
DA:71,0
DA:72,0
DA:73,0
DA:74,0
DA:76,0
DA:79,0
DA:84,1
DA:85,1
DA:86,1
DA:88,0
DA:89,0
DA:93,2
LF:33
LH:25
BRDA:5,0,0,2
BRDA:5,0,1,0
BRDA:6,1,0,2
BRDA:6,1,1,0
BRDA:7,2,0,2
BRDA:7,2,1,0
BRDA:8,3,0,2
BRDA:8,3,1,0
BRDA:9,4,0,2
BRDA:9,4,1,0
BRDA:47,5,0,2
BRDA:47,5,1,0
BRDA:72,6,0,0
BRDA:72,6,1,0
BRF:14
BRH:6
end_of_record
TN:
SF:routes\reservations.js
FN:4,createRouter
FN:8,(anonymous_1)
FN:106,(anonymous_2)
FN:125,(anonymous_3)
FNF:4
FNH:4
FNDA:1,createRouter
FNDA:3,(anonymous_1)
FNDA:2,(anonymous_2)
FNDA:2,(anonymous_3)
DA:1,1
DA:2,1
DA:5,1
DA:8,1
DA:9,3
DA:11,3
DA:13,3
DA:25,3
DA:26,1
DA:30,2
DA:31,2
DA:34,2
DA:35,1
DA:41,1
DA:61,1
DA:67,1
DA:78,0
DA:81,0
DA:83,0
DA:89,0
DA:91,0
DA:98,0
DA:106,1
DA:107,2
DA:108,2
DA:113,2
DA:114,1
DA:116,1
DA:119,0
DA:120,0
DA:125,1
DA:126,2
DA:127,2
DA:132,2
DA:133,1
DA:135,1
DA:138,0
DA:139,0
DA:143,1
DA:146,1
LF:40
LH:30
BRDA:25,0,0,1
BRDA:25,0,1,2
BRDA:25,1,0,3
BRDA:25,1,1,3
BRDA:34,2,0,1
BRDA:34,2,1,1
BRDA:81,3,0,0
BRDA:81,3,1,0
BRDA:89,4,0,0
BRDA:89,4,1,0
BRDA:113,5,0,1
BRDA:113,5,1,1
BRDA:132,6,0,1
BRDA:132,6,1,1
BRF:14
BRH:10
end_of_record
